0 info it worked if it ends with ok
1 verbose cli [ 'C:\\Program Files\\nodejs\\node.exe',
1 verbose cli   'C:\\Program Files\\nodejs\\node_modules\\npm\\bin\\npm-cli.js',
1 verbose cli   'run',
1 verbose cli   'build2' ]
2 info using npm@3.10.10
3 info using node@v6.10.2
4 verbose run-script [ 'prebuild2', 'build2', 'postbuild2' ]
5 info lifecycle project@1.0.0~prebuild2: project@1.0.0
6 silly lifecycle project@1.0.0~prebuild2: no script for prebuild2, continuing
7 info lifecycle project@1.0.0~build2: project@1.0.0
8 verbose lifecycle project@1.0.0~build2: unsafe-perm in lifecycle true
9 verbose lifecycle project@1.0.0~build2: PATH: C:\Program Files\nodejs\node_modules\npm\bin\node-gyp-bin;C:\xampp\htdocs\ReactJs_guia_Facebook\node_modules\.bin;C:\Users\luis.molina\AppData\Roaming\npm;C:\Program Files\nodejs\;C:\ProgramData\Oracle\Java\javapath;C:\Program Files (x86)\Intel\iCLS Client\;C:\Program Files\Intel\iCLS Client\;C:\WINDOWS\system32;C:\WINDOWS;C:\WINDOWS\System32\Wbem;C:\WINDOWS\System32\WindowsPowerShell\v1.0\;C:\Program Files\Intel\Intel(R) Management Engine Components\DAL;C:\Program Files (x86)\Intel\Intel(R) Management Engine Components\DAL;C:\Program Files\Intel\Intel(R) Management Engine Components\IPT;C:\Program Files (x86)\Intel\Intel(R) Management Engine Components\IPT;C:\Program Files\Intel\WiFi\bin\;C:\Program Files\Common Files\Intel\WirelessCommon\;C:\Program Files (x86)\Skype\Phone\;C:\Program Files\Microsoft SQL Server\120\Tools\Binn\;C:\Program Files\Microsoft SQL Server\Client SDK\ODBC\110\Tools\Binn\;C:\Program Files (x86)\Microsoft SQL Server\120\Tools\Binn\;C:\Program Files\Microsoft SQL Server\120\DTS\Binn\;C:\Program Files (x86)\Microsoft SQL Server\120\Tools\Binn\ManagementStudio\;C:\Program Files (x86)\Microsoft SQL Server\120\DTS\Binn\;C:\Program Files\Microsoft\Web Platform Installer\;C:\Program Files (x86)\Microsoft ASP.NET\ASP.NET Web Pages\v1.0\;C:\Program Files (x86)\Windows Kits\8.0\Windows Performance Toolkit\;C:\Program Files\Microsoft SQL Server\110\Tools\Binn\;C:\Program Files\Java\jdk1.8.0_101\bin;C:\Program Files (x86)\Brackets\command;C:\xampp\php;C:\Program Files\nodejs\;C:\Users\luis.molina\AppData\Local\Microsoft\WindowsApps;C:\Users\luis.molina\AppData\Roaming\npm
10 verbose lifecycle project@1.0.0~build2: CWD: C:\xampp\htdocs\ReactJs_guia_Facebook
11 silly lifecycle project@1.0.0~build2: Args: [ '/d /s /c',
11 silly lifecycle   'watchify ./ADVANCED_GUIDES/02_Typechecking_With_PropTypes/app.js -v -t [ babelify --presets [ es2015 react] ] -o ./ADVANCED_GUIDES/02_Typechecking_With_PropTypes/build.js' ]
12 silly lifecycle project@1.0.0~build2: Returned: code: 3221225786  signal: null
13 info lifecycle project@1.0.0~build2: Failed to exec build2 script
14 verbose stack Error: project@1.0.0 build2: `watchify ./ADVANCED_GUIDES/02_Typechecking_With_PropTypes/app.js -v -t [ babelify --presets [ es2015 react] ] -o ./ADVANCED_GUIDES/02_Typechecking_With_PropTypes/build.js`
14 verbose stack Exit status 3221225786
14 verbose stack     at EventEmitter.<anonymous> (C:\Program Files\nodejs\node_modules\npm\lib\utils\lifecycle.js:255:16)
14 verbose stack     at emitTwo (events.js:106:13)
14 verbose stack     at EventEmitter.emit (events.js:191:7)
14 verbose stack     at ChildProcess.<anonymous> (C:\Program Files\nodejs\node_modules\npm\lib\utils\spawn.js:40:14)
14 verbose stack     at emitTwo (events.js:106:13)
14 verbose stack     at ChildProcess.emit (events.js:191:7)
14 verbose stack     at maybeClose (internal/child_process.js:886:16)
14 verbose stack     at Process.ChildProcess._handle.onexit (internal/child_process.js:226:5)
15 verbose pkgid project@1.0.0
16 verbose cwd C:\xampp\htdocs\ReactJs_guia_Facebook\ADVANCED_GUIDES\02_Typechecking_With_PropTypes
17 error Windows_NT 10.0.14393
18 error argv "C:\\Program Files\\nodejs\\node.exe" "C:\\Program Files\\nodejs\\node_modules\\npm\\bin\\npm-cli.js" "run" "build2"
19 error node v6.10.2
20 error npm  v3.10.10
21 error code ELIFECYCLE
22 error project@1.0.0 build2: `watchify ./ADVANCED_GUIDES/02_Typechecking_With_PropTypes/app.js -v -t [ babelify --presets [ es2015 react] ] -o ./ADVANCED_GUIDES/02_Typechecking_With_PropTypes/build.js`
22 error Exit status 3221225786
23 error Failed at the project@1.0.0 build2 script 'watchify ./ADVANCED_GUIDES/02_Typechecking_With_PropTypes/app.js -v -t [ babelify --presets [ es2015 react] ] -o ./ADVANCED_GUIDES/02_Typechecking_With_PropTypes/build.js'.
23 error Make sure you have the latest version of node.js and npm installed.
23 error If you do, this is most likely a problem with the project package,
23 error not with npm itself.
23 error Tell the author that this fails on your system:
23 error     watchify ./ADVANCED_GUIDES/02_Typechecking_With_PropTypes/app.js -v -t [ babelify --presets [ es2015 react] ] -o ./ADVANCED_GUIDES/02_Typechecking_With_PropTypes/build.js
23 error You can get information on how to open an issue for this project with:
23 error     npm bugs project
23 error Or if that isn't available, you can get their info via:
23 error     npm owner ls project
23 error There is likely additional logging output above.
24 verbose exit [ 1, true ]
